SF:lib\main.dart
DA:4,0
DA:5,0
DA:9,1
DA:11,1
DA:13,1
DA:14,2
DA:15,1
DA:16,1
DA:19,1
LF:9
LH:7
end_of_record
SF:lib\Extract1.dart
DA:7,1
DA:11,1
DA:13,1
DA:14,1
DA:15,1
DA:16,1
DA:17,1
LF:7
LH:7
end_of_record
SF:lib\input_page.dart
DA:13,1
DA:15,1
DA:16,1
DA:25,1
DA:27,1
DA:28,1
DA:29,2
DA:31,1
DA:32,1
DA:33,1
DA:34,1
DA:35,1
DA:36,1
DA:37,1
DA:38,0
DA:39,0
DA:41,1
DA:42,2
DA:45,1
DA:52,1
DA:53,1
DA:54,0
DA:55,0
DA:56,0
DA:59,1
DA:60,2
DA:63,1
DA:72,1
DA:73,1
DA:74,1
DA:78,1
DA:79,1
DA:80,1
DA:82,1
DA:85,1
DA:87,1
DA:88,1
DA:89,2
DA:92,1
DA:97,1
DA:98,2
DA:99,1
DA:103,1
DA:105,1
DA:107,1
DA:108,1
DA:109,2
DA:112,0
DA:113,0
DA:114,0
DA:122,1
DA:123,1
DA:124,1
DA:125,1
DA:126,1
DA:127,1
DA:129,1
DA:130,1
DA:132,1
DA:134,1
DA:135,2
DA:138,1
DA:140,1
DA:141,1
DA:142,0
DA:143,0
DA:144,0
DA:149,1
DA:152,1
DA:153,0
DA:154,0
DA:155,0
DA:165,1
DA:166,1
DA:167,1
DA:169,1
DA:170,1
DA:172,1
DA:174,1
DA:175,2
DA:178,1
DA:180,1
DA:181,1
DA:182,0
DA:183,0
DA:184,0
DA:189,1
DA:192,1
DA:193,0
DA:194,0
DA:195,0
DA:207,1
DA:210,0
DA:211,0
DA:212,0
DA:213,0
DA:214,0
DA:218,0
DA:229,1
DA:233,1
DA:235,1
DA:236,2
DA:237,0
DA:238,0
DA:240,1
DA:241,1
DA:242,1
LF:107
LH:79
end_of_record
SF:lib\Extract2.dart
DA:7,1
DA:13,1
DA:15,1
DA:17,1
DA:18,1
DA:19,1
DA:22,1
DA:23,1
DA:24,1
DA:26,2
LF:10
LH:10
end_of_record
SF:lib\Result_page.dart
DA:7,0
DA:14,0
DA:16,0
DA:17,0
DA:18,0
DA:20,0
DA:23,0
DA:24,0
DA:25,0
DA:27,0
DA:32,0
DA:34,0
DA:35,0
DA:38,0
DA:39,0
DA:40,0
DA:43,0
DA:44,0
DA:47,0
DA:48,0
DA:54,0
DA:55,0
LF:22
LH:0
end_of_record
SF:lib\button1.dart
DA:4,1
DA:11,1
DA:13,1
DA:14,1
DA:18,1
DA:19,1
DA:20,1
DA:21,1
DA:22,1
DA:25,1
DA:28,1
DA:30,1
LF:12
LH:12
end_of_record
SF:lib\resultfunction.dart
DA:4,0
DA:11,0
DA:12,0
DA:13,0
DA:16,0
DA:17,0
DA:19,0
DA:26,0
DA:27,0
DA:29,0
LF:10
LH:0
end_of_record
